<?xml version="1.0" encoding="UTF-8"?>
<!-- Generated by org.testng.reporters.JUnitReportReporter -->
<testsuite hostname="LAPTOP-FOGF0I89" failures="0" tests="1" name="automseletest.Tc_linkText_001" time="2.022" errors="0" timestamp="2023-06-18T15:36:04 IST" skipped="0">
  <testcase classname="automseletest.Tc_linkText_001" name="linkTest" time="2.022"/>
</testsuite> <!-- automseletest.Tc_linkText_001 -->
